<?xml version="1.0" encoding="UTF-8"?>
<!-- Generated by org.testng.reporters.JUnitReportReporter -->
<testsuite skipped="0" hostname="CDC2-D-504PZSG" name="testcases.TC001_Login" tests="1" failures="0" timestamp="13 Jul 2017 12:05:14 GMT" time="38.021" errors="0">
  <testcase name="login" time="38.021" classname="testcases.TC001_Login"/>
</testsuite> <!-- testcases.TC001_Login -->
